[0m17:42:29.233926 [debug] [MainThread]: Sending event: {'category': 'dbt', 'action': 'invocation', 'label': 'start', 'context': [<snowplow_tracker.self_describing_json.SelfDescribingJson object at 0x110d28980>, <snowplow_tracker.self_describing_json.SelfDescribingJson object at 0x11290f890>, <snowplow_tracker.self_describing_json.SelfDescribingJson object at 0x11290f750>]}


============================== 17:42:29.237588 | e25782d5-5987-47fe-b824-8722dd206586 ==============================
[0m17:42:29.237588 [info ] [MainThread]: Running with dbt=1.10.6
[0m17:42:29.237968 [debug] [MainThread]: running dbt with arguments {'printer_width': '80', 'indirect_selection': 'eager', 'log_cache_events': 'False', 'write_json': 'True', 'partial_parse': 'True', 'cache_selected_only': 'False', 'profiles_dir': '/Users/junya/.dbt', 'debug': 'False', 'version_check': 'True', 'log_path': 'logs', 'warn_error': 'None', 'fail_fast': 'False', 'use_colors': 'True', 'use_experimental_parser': 'False', 'empty': 'None', 'quiet': 'False', 'no_print': 'None', 'warn_error_options': 'WarnErrorOptionsV2(error=[], warn=[], silence=[])', 'introspect': 'True', 'static_parser': 'True', 'invocation_command': 'dbt init moderation_craft --skip-profile-setup', 'target_path': 'None', 'log_format': 'default', 'send_anonymous_usage_stats': 'True'}
[0m17:42:29.250686 [info ] [MainThread]: Creating dbt configuration folder at /Users/junya/.dbt
[0m17:42:29.252000 [debug] [MainThread]: Starter project path: /Users/junya/Dev/moderation-craft/.venv-dbt/lib/python3.13/site-packages/dbt/include/starter_project
[0m17:42:29.257744 [info ] [MainThread]: 
Your new dbt project "moderation_craft" was created!

For more information on how to configure the profiles.yml file,
please consult the dbt documentation here:

  https://docs.getdbt.com/docs/configure-your-profile

One more thing:

Need help? Don't hesitate to reach out to us via GitHub issues or on Slack:

  https://community.getdbt.com/

Happy modeling!

[0m17:42:29.265588 [debug] [MainThread]: Resource report: {"command_name": "init", "command_success": true, "command_wall_clock_time": 0.078698166, "process_in_blocks": "0", "process_kernel_time": 0.13949, "process_mem_max_rss": "107839488", "process_out_blocks": "0", "process_user_time": 0.711385}
[0m17:42:29.266034 [debug] [MainThread]: Command `dbt init` succeeded at 17:42:29.265965 after 0.08 seconds
[0m17:42:29.266699 [debug] [MainThread]: Sending event: {'category': 'dbt', 'action': 'invocation', 'label': 'end', 'context': [<snowplow_tracker.self_describing_json.SelfDescribingJson object at 0x11297d810>, <snowplow_tracker.self_describing_json.SelfDescribingJson object at 0x1129c27b0>, <snowplow_tracker.self_describing_json.SelfDescribingJson object at 0x1126c5ae0>]}
[0m17:42:29.267066 [debug] [MainThread]: Flushing usage events
[0m17:42:30.270440 [debug] [MainThread]: An error was encountered while trying to flush usage events
